<?xml version="1.0" encoding="UTF-8"?>
<testng-results skipped="0" failed="2" ignored="3" total="30" passed="25">
  <reporter-output>
  </reporter-output>
  <suite name="Suite" duration-ms="117978" started-at="2022-03-29T17:07:06 IST" finished-at="2022-03-29T17:09:03 IST">
    <groups>
      <group name="Functional">
        <method signature="Login.verifyLoginPageMandatoryValidations()[pri:1, instance:TestCases.Login@dc7df28]" name="verifyLoginPageMandatoryValidations" class="TestCases.Login"/>
        <method signature="Login.verifyLogin(java.lang.String)[pri:2, instance:TestCases.Login@dc7df28]" name="verifyLogin" class="TestCases.Login"/>
        <method signature="Login.verifyTitleVerification()[pri:3, instance:TestCases.Login@dc7df28]" name="verifyTitleVerification" class="TestCases.Login"/>
        <method signature="Login.verifyApplication_UrlVerification()[pri:4, instance:TestCases.Login@dc7df28]" name="verifyApplication_UrlVerification" class="TestCases.Login"/>
        <method signature="Dashboard.verifyApplicationLogoIsPresent()[pri:5, instance:TestCases.Dashboard@7b4c50bc]" name="verifyApplicationLogoIsPresent" class="TestCases.Dashboard"/>
        <method signature="Dashboard.verifyAllTheTabsArePresent()[pri:6, instance:TestCases.Dashboard@7b4c50bc]" name="verifyAllTheTabsArePresent" class="TestCases.Dashboard"/>
        <method signature="Dashboard.verifyAllHeaderbuttonsPresent()[pri:7, instance:TestCases.Dashboard@7b4c50bc]" name="verifyAllHeaderbuttonsPresent" class="TestCases.Dashboard"/>
        <method signature="Dashboard.verifyAdminDetails()[pri:8, instance:TestCases.Dashboard@7b4c50bc]" name="verifyAdminDetails" class="TestCases.Dashboard"/>
        <method signature="ClientTab.verifyClientTabSubTabs()[pri:9, instance:TestCases.ClientTab@5884a914]" name="verifyClientTabSubTabs" class="TestCases.ClientTab"/>
        <method signature="ClientTab.verifyAddClientPopupMandatoryValidations()[pri:10, instance:TestCases.ClientTab@5884a914]" name="verifyAddClientPopupMandatoryValidations" class="TestCases.ClientTab"/>
        <method signature="ClientTab.verifyAddingNewClient()[pri:11, instance:TestCases.ClientTab@5884a914]" name="verifyAddingNewClient" class="TestCases.ClientTab"/>
        <method signature="ClientTab.verifySearchingNewlyAddedClient()[pri:12, instance:TestCases.ClientTab@5884a914]" name="verifySearchingNewlyAddedClient" class="TestCases.ClientTab"/>
        <method signature="ClientTab.verifyEditingClient()[pri:13, instance:TestCases.ClientTab@5884a914]" name="verifyEditingClient" class="TestCases.ClientTab"/>
        <method signature="ClientTab.verifyDeletingClient()[pri:14, instance:TestCases.ClientTab@5884a914]" name="verifyDeletingClient" class="TestCases.ClientTab"/>
        <method signature="ClientTab.verifyAddingMultipleContacts()[pri:15, instance:TestCases.ClientTab@5884a914]" name="verifyAddingMultipleContacts" class="TestCases.ClientTab"/>
        <method signature="ClientTab.verifySearchingMultipleContacts()[pri:16, instance:TestCases.ClientTab@5884a914]" name="verifySearchingMultipleContacts" class="TestCases.ClientTab"/>
        <method signature="ClientTab.verifyDeletingMultipleContacts()[pri:17, instance:TestCases.ClientTab@5884a914]" name="verifyDeletingMultipleContacts" class="TestCases.ClientTab"/>
        <method signature="ProjectTab.verifyAddingNewLabel()[pri:19, instance:TestCases.ProjectTab@50378a4]" name="verifyAddingNewLabel" class="TestCases.ProjectTab"/>
        <method signature="ProjectTab.verifyDeletinglabel()[pri:20, instance:TestCases.ProjectTab@50378a4]" name="verifyDeletinglabel" class="TestCases.ProjectTab"/>
        <method signature="ProjectTab.verifyAddProjectMandatoryValidations()[pri:21, instance:TestCases.ProjectTab@50378a4]" name="verifyAddProjectMandatoryValidations" class="TestCases.ProjectTab"/>
        <method signature="ProjectTab.verifyAddingNewProject()[pri:22, instance:TestCases.ProjectTab@50378a4]" name="verifyAddingNewProject" class="TestCases.ProjectTab"/>
        <method signature="ProjectTab.verifySearchingNewlyAddedProject()[pri:23, instance:TestCases.ProjectTab@50378a4]" name="verifySearchingNewlyAddedProject" class="TestCases.ProjectTab"/>
        <method signature="ProjectTab.verifyEditingProject()[pri:24, instance:TestCases.ProjectTab@50378a4]" name="verifyEditingProject" class="TestCases.ProjectTab"/>
        <method signature="ProjectTab.verifyDeletingProject()[pri:25, instance:TestCases.ProjectTab@50378a4]" name="verifyDeletingProject" class="TestCases.ProjectTab"/>
        <method signature="Task.verifyAddTaskValidations()[pri:28, instance:TestCases.Task@60f00693]" name="verifyAddTaskValidations" class="TestCases.Task"/>
        <method signature="Task.verifyAddingNewTask()[pri:29, instance:TestCases.Task@60f00693]" name="verifyAddingNewTask" class="TestCases.Task"/>
        <method signature="Task.verifySearchingNewlyAddedTask()[pri:30, instance:TestCases.Task@60f00693]" name="verifySearchingNewlyAddedTask" class="TestCases.Task"/>
      </group> <!-- Functional -->
    </groups>
    <test name="ChromeTest" duration-ms="117978" started-at="2022-03-29T17:07:06 IST" finished-at="2022-03-29T17:09:03 IST">
      <class name="TestCases.Login">
        <test-method status="PASS" signature="beforeSuite()[pri:0, instance:TestCases.Login@dc7df28]" name="beforeSuite" is-config="true" duration-ms="5496" started-at="2022-03-29T17:07:00 IST" finished-at="2022-03-29T17:07:06 IST">
          <reporter-output>
          </reporter-output>
        </test-method> <!-- beforeSuite -->
        <test-method status="PASS" signature="beforeTest(java.lang.String)[pri:0, instance:TestCases.Login@dc7df28]" name="beforeTest" is-config="true" duration-ms="28312" started-at="2022-03-29T17:07:06 IST" finished-at="2022-03-29T17:07:35 IST">
          <params>
            <param index="0">
              <value>
                <![CDATA[Chrome]]>
              </value>
            </param>
          </params>
          <reporter-output>
          </reporter-output>
        </test-method> <!-- beforeTest -->
        <test-method status="PASS" signature="verifyLoginPageMandatoryValidations()[pri:1, instance:TestCases.Login@dc7df28]" name="verifyLoginPageMandatoryValidations" duration-ms="790" started-at="2022-03-29T17:07:35 IST" finished-at="2022-03-29T17:07:36 IST">
          <reporter-output>
          </reporter-output>
        </test-method> <!-- verifyLoginPageMandatoryValidations -->
        <test-method status="PASS" signature="tearDown(org.testng.ITestResult)[pri:0, instance:TestCases.Login@dc7df28]" name="tearDown" is-config="true" duration-ms="3" started-at="2022-03-29T17:07:36 IST" finished-at="2022-03-29T17:07:36 IST">
          <params>
            <param index="0">
              <value>
                <![CDATA[[TestResult name=verifyLoginPageMandatoryValidations status=SUCCESS method=Login.verifyLoginPageMandatoryValidations()[pri:1, instance:TestCases.Login@dc7df28] output={null}]]]>
              </value>
            </param>
          </params>
          <reporter-output>
          </reporter-output>
        </test-method> <!-- tearDown -->
        <test-method status="PASS" signature="verifyLogin(java.lang.String)[pri:2, instance:TestCases.Login@dc7df28]" name="verifyLogin" duration-ms="3191" started-at="2022-03-29T17:07:36 IST" data-provider="usermail" finished-at="2022-03-29T17:07:39 IST">
          <params>
            <param index="0">
              <value>
                <![CDATA[admin@admin.com]]>
              </value>
            </param>
          </params>
          <reporter-output>
          </reporter-output>
        </test-method> <!-- verifyLogin -->
        <test-method status="PASS" signature="tearDown(org.testng.ITestResult)[pri:0, instance:TestCases.Login@dc7df28]" name="tearDown" is-config="true" duration-ms="4" started-at="2022-03-29T17:07:39 IST" finished-at="2022-03-29T17:07:39 IST">
          <params>
            <param index="0">
              <value>
                <![CDATA[[TestResult name=verifyLogin status=SUCCESS method=Login.verifyLogin(java.lang.String)[pri:2, instance:TestCases.Login@dc7df28] output={null}]]]>
              </value>
            </param>
          </params>
          <reporter-output>
          </reporter-output>
        </test-method> <!-- tearDown -->
        <test-method status="PASS" signature="verifyTitleVerification()[pri:3, instance:TestCases.Login@dc7df28]" name="verifyTitleVerification" duration-ms="63" started-at="2022-03-29T17:07:39 IST" finished-at="2022-03-29T17:07:39 IST">
          <reporter-output>
          </reporter-output>
        </test-method> <!-- verifyTitleVerification -->
        <test-method status="PASS" signature="tearDown(org.testng.ITestResult)[pri:0, instance:TestCases.Login@dc7df28]" name="tearDown" is-config="true" duration-ms="1" started-at="2022-03-29T17:07:39 IST" finished-at="2022-03-29T17:07:39 IST">
          <params>
            <param index="0">
              <value>
                <![CDATA[[TestResult name=verifyTitleVerification status=SUCCESS method=Login.verifyTitleVerification()[pri:3, instance:TestCases.Login@dc7df28] output={null}]]]>
              </value>
            </param>
          </params>
          <reporter-output>
          </reporter-output>
        </test-method> <!-- tearDown -->
        <test-method status="PASS" signature="verifyApplication_UrlVerification()[pri:4, instance:TestCases.Login@dc7df28]" name="verifyApplication_UrlVerification" duration-ms="64" started-at="2022-03-29T17:07:39 IST" finished-at="2022-03-29T17:07:39 IST">
          <reporter-output>
          </reporter-output>
        </test-method> <!-- verifyApplication_UrlVerification -->
        <test-method status="PASS" signature="tearDown(org.testng.ITestResult)[pri:0, instance:TestCases.Login@dc7df28]" name="tearDown" is-config="true" duration-ms="3" started-at="2022-03-29T17:07:39 IST" finished-at="2022-03-29T17:07:39 IST">
          <params>
            <param index="0">
              <value>
                <![CDATA[[TestResult name=verifyApplication_UrlVerification status=SUCCESS method=Login.verifyApplication_UrlVerification()[pri:4, instance:TestCases.Login@dc7df28] output={null}]]]>
              </value>
            </param>
          </params>
          <reporter-output>
          </reporter-output>
        </test-method> <!-- tearDown -->
      </class> <!-- TestCases.Login -->
      <class name="TestCases.Task">
        <test-method status="PASS" signature="verifyAddTaskValidations()[pri:28, instance:TestCases.Task@60f00693]" name="verifyAddTaskValidations" duration-ms="3813" started-at="2022-03-29T17:08:42 IST" finished-at="2022-03-29T17:08:46 IST">
          <reporter-output>
          </reporter-output>
        </test-method> <!-- verifyAddTaskValidations -->
        <test-method status="PASS" signature="verifyAddingNewTask()[pri:29, instance:TestCases.Task@60f00693]" name="verifyAddingNewTask" duration-ms="11700" started-at="2022-03-29T17:08:46 IST" finished-at="2022-03-29T17:08:58 IST">
          <reporter-output>
          </reporter-output>
        </test-method> <!-- verifyAddingNewTask -->
        <test-method status="FAIL" signature="verifySearchingNewlyAddedTask()[pri:30, instance:TestCases.Task@60f00693]" name="verifySearchingNewlyAddedTask" duration-ms="571" started-at="2022-03-29T17:08:58 IST" finished-at="2022-03-29T17:08:59 IST">
          <exception class="java.lang.AssertionError">
            <message>
              <![CDATA[Task not added in table expected [true] but found [false]]]>
            </message>
            <full-stacktrace>
              <![CDATA[java.lang.AssertionError: Task not added in table expected [true] but found [false]
at org.testng.Assert.fail(Assert.java:110)
at org.testng.Assert.failNotEquals(Assert.java:1413)
at org.testng.Assert.assertTrue(Assert.java:56)
at TestCases.Task.verifySearchingNewlyAddedTask(Task.java:82)
at sun.reflect.NativeMethodAccessorImpl.invoke0(Native Method)
at sun.reflect.NativeMethodAccessorImpl.invoke(NativeMethodAccessorImpl.java:62)
at sun.reflect.DelegatingMethodAccessorImpl.invoke(DelegatingMethodAccessorImpl.java:43)
at java.lang.reflect.Method.invoke(Method.java:498)
at org.testng.internal.invokers.MethodInvocationHelper.invokeMethod(MethodInvocationHelper.java:135)
at org.testng.internal.invokers.TestInvoker.invokeMethod(TestInvoker.java:673)
at org.testng.internal.invokers.TestInvoker.invokeTestMethod(TestInvoker.java:220)
at org.testng.internal.invokers.MethodRunner.runInSequence(MethodRunner.java:50)
at org.testng.internal.invokers.TestInvoker$MethodInvocationAgent.invoke(TestInvoker.java:945)
at org.testng.internal.invokers.TestInvoker.invokeTestMethods(TestInvoker.java:193)
at org.testng.internal.invokers.TestMethodWorker.invokeTestMethods(TestMethodWorker.java:146)
at org.testng.internal.invokers.TestMethodWorker.run(TestMethodWorker.java:128)
at java.util.ArrayList.forEach(ArrayList.java:1257)
at org.testng.TestRunner.privateRun(TestRunner.java:808)
at org.testng.TestRunner.run(TestRunner.java:603)
at org.testng.SuiteRunner.runTest(SuiteRunner.java:429)
at org.testng.SuiteRunner.runSequentially(SuiteRunner.java:423)
at org.testng.SuiteRunner.privateRun(SuiteRunner.java:383)
at org.testng.SuiteRunner.run(SuiteRunner.java:326)
at org.testng.SuiteRunnerWorker.runSuite(SuiteRunnerWorker.java:52)
at org.testng.SuiteRunnerWorker.run(SuiteRunnerWorker.java:95)
at org.testng.TestNG.runSuitesSequentially(TestNG.java:1249)
at org.testng.TestNG.runSuitesLocally(TestNG.java:1169)
at org.testng.TestNG.runSuites(TestNG.java:1092)
at org.testng.TestNG.run(TestNG.java:1060)
at org.testng.remote.AbstractRemoteTestNG.run(AbstractRemoteTestNG.java:115)
at org.testng.remote.RemoteTestNG.initAndRun(RemoteTestNG.java:251)
at org.testng.remote.RemoteTestNG.main(RemoteTestNG.java:77)
]]>
            </full-stacktrace>
          </exception> <!-- java.lang.AssertionError -->
          <reporter-output>
          </reporter-output>
        </test-method> <!-- verifySearchingNewlyAddedTask -->
        <test-method status="PASS" signature="afterTest()[pri:0, instance:TestCases.Task@60f00693]" name="afterTest" is-config="true" duration-ms="3986" started-at="2022-03-29T17:09:00 IST" finished-at="2022-03-29T17:09:03 IST">
          <reporter-output>
          </reporter-output>
        </test-method> <!-- afterTest -->
        <test-method status="PASS" signature="afterSuite()[pri:0, instance:TestCases.Task@60f00693]" name="afterSuite" is-config="true" duration-ms="1922" started-at="2022-03-29T17:09:07 IST" finished-at="2022-03-29T17:09:09 IST">
          <reporter-output>
          </reporter-output>
        </test-method> <!-- afterSuite -->
      </class> <!-- TestCases.Task -->
      <class name="TestCases.ClientTab">
        <test-method status="FAIL" signature="verifyClientTabSubTabs()[pri:9, instance:TestCases.ClientTab@5884a914]" name="verifyClientTabSubTabs" duration-ms="200" started-at="2022-03-29T17:07:43 IST" finished-at="2022-03-29T17:07:44 IST">
          <exception class="org.openqa.selenium.NoSuchElementException">
            <message>
              <![CDATA[no such element: Unable to locate element: {"method":"xpath","selector":"//a[contains(text(),'Clients')]"}
  (Session info: chrome=99.0.4844.82)
For documentation on this error, please visit: https://www.seleniumhq.org/exceptions/no_such_element.html
Build info: version: '3.141.59', revision: 'e82be7d358', time: '2018-11-14T08:17:03'
System info: host: 'DESKTOP-4RLKFEF', ip: '10.212.134.116', os.name: 'Windows 10', os.arch: 'amd64', os.version: '10.0', java.version: '1.8.0_202'
Driver info: org.openqa.selenium.chrome.ChromeDriver
Capabilities {acceptInsecureCerts: false, browserName: chrome, browserVersion: 99.0.4844.82, chrome: {chromedriverVersion: 99.0.4844.51 (d537ec02474b5..., userDataDir: C:\Users\HP\AppData\Local\T...}, goog:chromeOptions: {debuggerAddress: localhost:56340}, javascriptEnabled: true, networkConnectionEnabled: false, pageLoadStrategy: normal, platform: WINDOWS, platformName: WINDOWS, proxy: Proxy(), setWindowRect: true, strictFileInteractability: false, timeouts: {implicit: 0, pageLoad: 300000, script: 30000}, unhandledPromptBehavior: dismiss and notify, webauthn:extension:credBlob: true, webauthn:extension:largeBlob: true, webauthn:virtualAuthenticators: true}
Session ID: 43a46ce77b32ab5b000d19fd4c712b31
*** Element info: {Using=xpath, value=//a[contains(text(),'Clients')]}]]>
            </message>
            <full-stacktrace>
              <![CDATA[org.openqa.selenium.NoSuchElementException: no such element: Unable to locate element: {"method":"xpath","selector":"//a[contains(text(),'Clients')]"}
  (Session info: chrome=99.0.4844.82)
For documentation on this error, please visit: https://www.seleniumhq.org/exceptions/no_such_element.html
Build info: version: '3.141.59', revision: 'e82be7d358', time: '2018-11-14T08:17:03'
System info: host: 'DESKTOP-4RLKFEF', ip: '10.212.134.116', os.name: 'Windows 10', os.arch: 'amd64', os.version: '10.0', java.version: '1.8.0_202'
Driver info: org.openqa.selenium.chrome.ChromeDriver
Capabilities {acceptInsecureCerts: false, browserName: chrome, browserVersion: 99.0.4844.82, chrome: {chromedriverVersion: 99.0.4844.51 (d537ec02474b5..., userDataDir: C:\Users\HP\AppData\Local\T...}, goog:chromeOptions: {debuggerAddress: localhost:56340}, javascriptEnabled: true, networkConnectionEnabled: false, pageLoadStrategy: normal, platform: WINDOWS, platformName: WINDOWS, proxy: Proxy(), setWindowRect: true, strictFileInteractability: false, timeouts: {implicit: 0, pageLoad: 300000, script: 30000}, unhandledPromptBehavior: dismiss and notify, webauthn:extension:credBlob: true, webauthn:extension:largeBlob: true, webauthn:virtualAuthenticators: true}
Session ID: 43a46ce77b32ab5b000d19fd4c712b31
*** Element info: {Using=xpath, value=//a[contains(text(),'Clients')]}
at sun.reflect.NativeConstructorAccessorImpl.newInstance0(Native Method)
at sun.reflect.NativeConstructorAccessorImpl.newInstance(NativeConstructorAccessorImpl.java:62)
at sun.reflect.DelegatingConstructorAccessorImpl.newInstance(DelegatingConstructorAccessorImpl.java:45)
at java.lang.reflect.Constructor.newInstance(Constructor.java:423)
at org.openqa.selenium.remote.http.W3CHttpResponseCodec.createException(W3CHttpResponseCodec.java:187)
at org.openqa.selenium.remote.http.W3CHttpResponseCodec.decode(W3CHttpResponseCodec.java:122)
at org.openqa.selenium.remote.http.W3CHttpResponseCodec.decode(W3CHttpResponseCodec.java:49)
at org.openqa.selenium.remote.HttpCommandExecutor.execute(HttpCommandExecutor.java:158)
at org.openqa.selenium.remote.service.DriverCommandExecutor.execute(DriverCommandExecutor.java:83)
at org.openqa.selenium.remote.RemoteWebDriver.execute(RemoteWebDriver.java:552)
at org.openqa.selenium.remote.RemoteWebDriver.findElement(RemoteWebDriver.java:323)
at org.openqa.selenium.remote.RemoteWebDriver.findElementByXPath(RemoteWebDriver.java:428)
at org.openqa.selenium.By$ByXPath.findElement(By.java:353)
at org.openqa.selenium.remote.RemoteWebDriver.findElement(RemoteWebDriver.java:315)
at org.openqa.selenium.support.pagefactory.DefaultElementLocator.findElement(DefaultElementLocator.java:69)
at org.openqa.selenium.support.pagefactory.internal.LocatingElementHandler.invoke(LocatingElementHandler.java:38)
at com.sun.proxy.$Proxy21.isDisplayed(Unknown Source)
at Pages.ClientPage.subTabsPresent(ClientPage.java:196)
at TestCases.ClientTab.verifyClientTabSubTabs(ClientTab.java:21)
at sun.reflect.NativeMethodAccessorImpl.invoke0(Native Method)
at sun.reflect.NativeMethodAccessorImpl.invoke(NativeMethodAccessorImpl.java:62)
at sun.reflect.DelegatingMethodAccessorImpl.invoke(DelegatingMethodAccessorImpl.java:43)
at java.lang.reflect.Method.invoke(Method.java:498)
at org.testng.internal.invokers.MethodInvocationHelper.invokeMethod(MethodInvocationHelper.java:135)
at org.testng.internal.invokers.TestInvoker.invokeMethod(TestInvoker.java:673)
at org.testng.internal.invokers.TestInvoker.invokeTestMethod(TestInvoker.java:220)
at org.testng.internal.invokers.MethodRunner.runInSequence(MethodRunner.java:50)
at org.testng.internal.invokers.TestInvoker$MethodInvocationAgent.invoke(TestInvoker.java:945)
at org.testng.internal.invokers.TestInvoker.invokeTestMethods(TestInvoker.java:193)
at org.testng.internal.invokers.TestMethodWorker.invokeTestMethods(TestMethodWorker.java:146)
at org.testng.internal.invokers.TestMethodWorker.run(TestMethodWorker.java:128)
at java.util.ArrayList.forEach(ArrayList.java:1257)
at org.testng.TestRunner.privateRun(TestRunner.java:808)
at org.testng.TestRunner.run(TestRunner.java:603)
at org.testng.SuiteRunner.runTest(SuiteRunner.java:429)
at org.testng.SuiteRunner.runSequentially(SuiteRunner.java:423)
at org.testng.SuiteRunner.privateRun(SuiteRunner.java:383)
at org.testng.SuiteRunner.run(SuiteRunner.java:326)
at org.testng.SuiteRunnerWorker.runSuite(SuiteRunnerWorker.java:52)
at org.testng.SuiteRunnerWorker.run(SuiteRunnerWorker.java:95)
at org.testng.TestNG.runSuitesSequentially(TestNG.java:1249)
at org.testng.TestNG.runSuitesLocally(TestNG.java:1169)
at org.testng.TestNG.runSuites(TestNG.java:1092)
at org.testng.TestNG.run(TestNG.java:1060)
at org.testng.remote.AbstractRemoteTestNG.run(AbstractRemoteTestNG.java:115)
at org.testng.remote.RemoteTestNG.initAndRun(RemoteTestNG.java:251)
at org.testng.remote.RemoteTestNG.main(RemoteTestNG.java:77)
]]>
            </full-stacktrace>
          </exception> <!-- org.openqa.selenium.NoSuchElementException -->
          <reporter-output>
          </reporter-output>
        </test-method> <!-- verifyClientTabSubTabs -->
        <test-method status="PASS" signature="verifyAddClientPopupMandatoryValidations()[pri:10, instance:TestCases.ClientTab@5884a914]" name="verifyAddClientPopupMandatoryValidations" duration-ms="6156" started-at="2022-03-29T17:07:45 IST" finished-at="2022-03-29T17:07:51 IST">
          <reporter-output>
          </reporter-output>
        </test-method> <!-- verifyAddClientPopupMandatoryValidations -->
        <test-method status="PASS" signature="verifyAddingNewClient()[pri:11, instance:TestCases.ClientTab@5884a914]" name="verifyAddingNewClient" duration-ms="4836" started-at="2022-03-29T17:07:51 IST" finished-at="2022-03-29T17:07:56 IST">
          <reporter-output>
          </reporter-output>
        </test-method> <!-- verifyAddingNewClient -->
        <test-method status="PASS" signature="verifySearchingNewlyAddedClient()[pri:12, instance:TestCases.ClientTab@5884a914]" name="verifySearchingNewlyAddedClient" duration-ms="4871" started-at="2022-03-29T17:07:56 IST" finished-at="2022-03-29T17:08:01 IST">
          <reporter-output>
          </reporter-output>
        </test-method> <!-- verifySearchingNewlyAddedClient -->
        <test-method status="PASS" signature="verifyEditingClient()[pri:13, instance:TestCases.ClientTab@5884a914]" name="verifyEditingClient" duration-ms="3183" started-at="2022-03-29T17:08:01 IST" finished-at="2022-03-29T17:08:04 IST">
          <reporter-output>
          </reporter-output>
        </test-method> <!-- verifyEditingClient -->
        <test-method status="PASS" signature="verifyDeletingClient()[pri:14, instance:TestCases.ClientTab@5884a914]" name="verifyDeletingClient" duration-ms="4845" started-at="2022-03-29T17:08:04 IST" finished-at="2022-03-29T17:08:09 IST">
          <reporter-output>
          </reporter-output>
        </test-method> <!-- verifyDeletingClient -->
        <test-method status="PASS" signature="verifyAddingMultipleContacts()[pri:15, instance:TestCases.ClientTab@5884a914]" name="verifyAddingMultipleContacts" duration-ms="10368" started-at="2022-03-29T17:08:09 IST" finished-at="2022-03-29T17:08:19 IST">
          <reporter-output>
          </reporter-output>
        </test-method> <!-- verifyAddingMultipleContacts -->
        <test-method status="PASS" signature="verifySearchingMultipleContacts()[pri:16, instance:TestCases.ClientTab@5884a914]" name="verifySearchingMultipleContacts" duration-ms="3178" started-at="2022-03-29T17:08:19 IST" finished-at="2022-03-29T17:08:22 IST">
          <reporter-output>
          </reporter-output>
        </test-method> <!-- verifySearchingMultipleContacts -->
        <test-method status="PASS" signature="verifyDeletingMultipleContacts()[pri:17, instance:TestCases.ClientTab@5884a914]" name="verifyDeletingMultipleContacts" duration-ms="392" started-at="2022-03-29T17:08:22 IST" finished-at="2022-03-29T17:08:23 IST">
          <reporter-output>
          </reporter-output>
        </test-method> <!-- verifyDeletingMultipleContacts -->
      </class> <!-- TestCases.ClientTab -->
      <class name="TestCases.Dashboard">
        <test-method status="PASS" signature="verifyApplicationLogoIsPresent()[pri:5, instance:TestCases.Dashboard@7b4c50bc]" name="verifyApplicationLogoIsPresent" duration-ms="179" started-at="2022-03-29T17:07:39 IST" finished-at="2022-03-29T17:07:39 IST">
          <reporter-output>
          </reporter-output>
        </test-method> <!-- verifyApplicationLogoIsPresent -->
        <test-method status="PASS" signature="verifyAllTheTabsArePresent()[pri:6, instance:TestCases.Dashboard@7b4c50bc]" name="verifyAllTheTabsArePresent" duration-ms="969" started-at="2022-03-29T17:07:39 IST" finished-at="2022-03-29T17:07:40 IST">
          <reporter-output>
          </reporter-output>
        </test-method> <!-- verifyAllTheTabsArePresent -->
        <test-method status="PASS" signature="verifyAllHeaderbuttonsPresent()[pri:7, instance:TestCases.Dashboard@7b4c50bc]" name="verifyAllHeaderbuttonsPresent" duration-ms="371" started-at="2022-03-29T17:07:40 IST" finished-at="2022-03-29T17:07:41 IST">
          <reporter-output>
          </reporter-output>
        </test-method> <!-- verifyAllHeaderbuttonsPresent -->
        <test-method status="PASS" signature="verifyAdminDetails()[pri:8, instance:TestCases.Dashboard@7b4c50bc]" name="verifyAdminDetails" duration-ms="2540" started-at="2022-03-29T17:07:41 IST" finished-at="2022-03-29T17:07:43 IST">
          <reporter-output>
          </reporter-output>
        </test-method> <!-- verifyAdminDetails -->
      </class> <!-- TestCases.Dashboard -->
      <class name="TestCases.ProjectTab">
        <test-method status="PASS" signature="verifyAddingNewLabel()[pri:19, instance:TestCases.ProjectTab@50378a4]" name="verifyAddingNewLabel" duration-ms="4404" started-at="2022-03-29T17:08:23 IST" finished-at="2022-03-29T17:08:27 IST">
          <reporter-output>
          </reporter-output>
        </test-method> <!-- verifyAddingNewLabel -->
        <test-method status="PASS" signature="verifyDeletinglabel()[pri:20, instance:TestCases.ProjectTab@50378a4]" name="verifyDeletinglabel" duration-ms="410" started-at="2022-03-29T17:08:27 IST" finished-at="2022-03-29T17:08:27 IST">
          <reporter-output>
          </reporter-output>
        </test-method> <!-- verifyDeletinglabel -->
        <test-method status="PASS" signature="verifyAddProjectMandatoryValidations()[pri:21, instance:TestCases.ProjectTab@50378a4]" name="verifyAddProjectMandatoryValidations" duration-ms="4033" started-at="2022-03-29T17:08:27 IST" finished-at="2022-03-29T17:08:31 IST">
          <reporter-output>
          </reporter-output>
        </test-method> <!-- verifyAddProjectMandatoryValidations -->
        <test-method status="PASS" signature="verifyAddingNewProject()[pri:22, instance:TestCases.ProjectTab@50378a4]" name="verifyAddingNewProject" duration-ms="2962" started-at="2022-03-29T17:08:31 IST" finished-at="2022-03-29T17:08:34 IST">
          <reporter-output>
          </reporter-output>
        </test-method> <!-- verifyAddingNewProject -->
        <test-method status="PASS" signature="verifySearchingNewlyAddedProject()[pri:23, instance:TestCases.ProjectTab@50378a4]" name="verifySearchingNewlyAddedProject" duration-ms="675" started-at="2022-03-29T17:08:34 IST" finished-at="2022-03-29T17:08:35 IST">
          <reporter-output>
          </reporter-output>
        </test-method> <!-- verifySearchingNewlyAddedProject -->
        <test-method status="PASS" signature="verifyEditingProject()[pri:24, instance:TestCases.ProjectTab@50378a4]" name="verifyEditingProject" duration-ms="3414" started-at="2022-03-29T17:08:35 IST" finished-at="2022-03-29T17:08:39 IST">
          <reporter-output>
          </reporter-output>
        </test-method> <!-- verifyEditingProject -->
        <test-method status="PASS" signature="verifyDeletingProject()[pri:25, instance:TestCases.ProjectTab@50378a4]" name="verifyDeletingProject" duration-ms="3802" started-at="2022-03-29T17:08:39 IST" finished-at="2022-03-29T17:08:42 IST">
          <reporter-output>
          </reporter-output>
        </test-method> <!-- verifyDeletingProject -->
      </class> <!-- TestCases.ProjectTab -->
    </test> <!-- ChromeTest -->
  </suite> <!-- Suite -->
</testng-results>
